[debug] [2020-12-09T08:40:24.951Z] ----------------------------------------------------------------------
[debug] [2020-12-09T08:40:24.952Z] Command:       C:\Program Files\nodejs\node.exe C:\Program Files\nodejs\node_modules\firebase-tools\lib\bin\firebase.js init firestore
[debug] [2020-12-09T08:40:24.953Z] CLI Version:   8.18.0
[debug] [2020-12-09T08:40:24.953Z] Platform:      win32
[debug] [2020-12-09T08:40:24.953Z] Node Version:  v12.18.1
[debug] [2020-12-09T08:40:24.954Z] Time:          Wed Dec 09 2020 13:40:24 GMT+0500 (Pakistan Standard Time)
[debug] [2020-12-09T08:40:24.954Z] ----------------------------------------------------------------------
[debug] [2020-12-09T08:40:24.954Z] 
[debug] [2020-12-09T08:40:24.955Z] >>> [apiv2][query] GET https://firebase-public.firebaseio.com/cli.json [none]
[debug] [2020-12-09T08:40:24.965Z] > command requires scopes: ["email","openid","https://www.googleapis.com/auth/cloudplatformprojects.readonly","https://www.googleapis.com/auth/firebase","https://www.googleapis.com/auth/cloud-platform"]
[debug] [2020-12-09T08:40:24.966Z] > authorizing via signed-in user
[info] 
     ######## #### ########  ######## ########     ###     ######  ########
     ##        ##  ##     ## ##       ##     ##  ##   ##  ##       ##
     ######    ##  ########  ######   ########  #########  ######  ######
     ##        ##  ##    ##  ##       ##     ## ##     ##       ## ##
     ##       #### ##     ## ######## ########  ##     ##  ######  ########

You're about to initialize a Firebase project in this directory:

  F:\usama projects\gethelp\web

[debug] [2020-12-09T08:40:25.725Z] <<< [apiv2][status] GET https://firebase-public.firebaseio.com/cli.json 200
[debug] [2020-12-09T08:40:25.726Z] <<< [apiv2][body] GET https://firebase-public.firebaseio.com/cli.json {"cloudBuildErrorAfter":1594252800000,"cloudBuildWarnAfter":1590019200000,"defaultNode10After":1594252800000,"minVersion":"3.0.5","node8DeploysDisabledAfter":1613390400000,"node8RuntimeDisabledAfter":1615809600000,"node8WarnAfter":1600128000000}
[info] 
=== Project Setup
[info] 
[info] First, let's associate this project directory with a Firebase project.
[info] You can create multiple project aliases by running firebase use --add, 
[info] but for now we'll just set up a default project.
[info] 
